Arguments: 
  /Users/jameschetwood/.nvm/versions/node/v12.2.0/bin/node /usr/local/Cellar/yarn/1.13.0/libexec/bin/yarn.js add graphql-tools graphql-js

PATH: 
  /Users/jameschetwood/.nvm/versions/node/v12.2.0/bin:/usr/local/bin:/usr/bin:/bin:/usr/sbin:/sbin:/Users/jameschetwood/bin

Yarn version: 
  1.13.0

Node version: 
  12.2.0

Platform: 
  darwin x64

Trace: 
  Error: https://registry.yarnpkg.com/graphql-js: Not found
      at Request.params.callback [as _callback] (/usr/local/Cellar/yarn/1.13.0/libexec/lib/cli.js:66255:18)
      at Request.self.callback (/usr/local/Cellar/yarn/1.13.0/libexec/lib/cli.js:129397:22)
      at Request.emit (events.js:196:13)
      at Request.<anonymous> (/usr/local/Cellar/yarn/1.13.0/libexec/lib/cli.js:130369:10)
      at Request.emit (events.js:196:13)
      at IncomingMessage.<anonymous> (/usr/local/Cellar/yarn/1.13.0/libexec/lib/cli.js:130291:12)
      at Object.onceWrapper (events.js:284:20)
      at IncomingMessage.emit (events.js:201:15)
      at endReadableNT (_stream_readable.js:1130:12)
      at processTicksAndRejections (internal/process/task_queues.js:84:9)

npm manifest: 
  {
    "name": "graphql-tools-spike",
    "version": "1.0.0",
    "main": "index.js",
    "license": "MIT"
  }

yarn manifest: 
  No manifest

Lockfile: 
  No lockfile
